[qbit.dots.org.ua/index.html]
[backblue.gif]
[fade.gif]
[index.html]
[qbit.dots.org.ua/favicon.ico]
[qbit.dots.org.ua/images/qbit.gif]
[qbit.dots.org.ua/images/b.gif]
[qbit.dots.org.ua/images/flag_ua.png]
[qbit.dots.org.ua/images/flag_ru.png]
[qbit.dots.org.ua/images/certs/index.html]
[qbit.dots.org.ua/partners.html]
[qbit.dots.org.ua/help.html]
[qbit.dots.org.ua/login.html]
[qbit.dots.org.ua/restore.html]
[qbit.dots.org.ua/images/near.png]
[qbit.dots.org.ua/index.html]
[qbit.dots.org.ua/images/background.png]
[qbit.dots.org.ua/screen.css]
[qbit.dots.org.ua/images/certs/index.html]
[qbit.dots.org.ua/partners.html]
[qbit.dots.org.ua/documents/examples.pdf]
